RUNIT TEST PROTOCOL -- Tue Feb 12 11:55:11 2013 
*********************************************** 
Number of test functions: 2 
Number of errors: 0 
Number of failures: 1 

 
1 Test Suite : 
RUnit Tests for RobExtremes - 2 test functions, 0 errors, 1 failure
FAILURE in test.expectationPareto2: Error in checkEquals(expectation.Pareto(2, 1), 0) : 
  Mean relative difference: 1



Details 
*************************** 
Test Suite: RUnit Tests for RobExtremes 
Test function regexp: ^test.+ 
Test file regexp: ^Test.+\.R$ 
Involved directory: 
./TestSuite 
--------------------------- 
Test file: ./TestSuite/TestExpectationNeu.R 
test.expectationPareto1: (1 checks) ... OK (0.01 seconds)
test.expectationPareto2: FAILURE !! (check number 1)
Error in checkEquals(expectation.Pareto(2, 1), 0) : 
  Mean relative difference: 1
